/mnt/c/Users/simon/Code/blogger2/backend/venv/lib/python3.10/site-packages/flask_limiter/extension.py:336: UserWarning: Using the in-memory storage for tracking rate limits as no storage was explicitly specified. This is not recommended for production use. See: https://flask-limiter.readthedocs.io#configuring-a-storage-backend for documentation about configuring the storage backend.
  warnings.warn(
Error: Directory migrations already exists and is not empty
/mnt/c/Users/simon/Code/blogger2/backend/venv/lib/python3.10/site-packages/flask_limiter/extension.py:336: UserWarning: Using the in-memory storage for tracking rate limits as no storage was explicitly specified. This is not recommended for production use. See: https://flask-limiter.readthedocs.io#configuring-a-storage-backend for documentation about configuring the storage backend.
  warnings.warn(
Traceback (most recent call last):
  File "/mnt/c/Users/simon/Code/blogger2/backend/venv/lib/python3.10/site-packages/sqlalchemy/engine/base.py", line 143, in __init__
    self._dbapi_connection = engine.raw_connection()
  File "/mnt/c/Users/simon/Code/blogger2/backend/venv/lib/python3.10/site-packages/sqlalchemy/engine/base.py", line 3309, in raw_connection
    return self.pool.connect()
  File "/mnt/c/Users/simon/Code/blogger2/backend/venv/lib/python3.10/site-packages/sqlalchemy/pool/base.py", line 447, in connect
    return _ConnectionFairy._checkout(self)
  File "/mnt/c/Users/simon/Code/blogger2/backend/venv/lib/python3.10/site-packages/sqlalchemy/pool/base.py", line 1264, in _checkout
    fairy = _ConnectionRecord.checkout(pool)
  File "/mnt/c/Users/simon/Code/blogger2/backend/venv/lib/python3.10/site-packages/sqlalchemy/pool/base.py", line 711, in checkout
    rec = pool._do_get()
  File "/mnt/c/Users/simon/Code/blogger2/backend/venv/lib/python3.10/site-packages/sqlalchemy/pool/impl.py", line 177, in _do_get
    with util.safe_reraise():
  File "/mnt/c/Users/simon/Code/blogger2/backend/venv/lib/python3.10/site-packages/sqlalchemy/util/langhelpers.py", line 224, in __exit__
    raise exc_value.with_traceback(exc_tb)
  File "/mnt/c/Users/simon/Code/blogger2/backend/venv/lib/python3.10/site-packages/sqlalchemy/pool/impl.py", line 175, in _do_get
    return self._create_connection()
  File "/mnt/c/Users/simon/Code/blogger2/backend/venv/lib/python3.10/site-packages/sqlalchemy/pool/base.py", line 388, in _create_connection
    return _ConnectionRecord(self)
  File "/mnt/c/Users/simon/Code/blogger2/backend/venv/lib/python3.10/site-packages/sqlalchemy/pool/base.py", line 673, in __init__
    self.__connect()
  File "/mnt/c/Users/simon/Code/blogger2/backend/venv/lib/python3.10/site-packages/sqlalchemy/pool/base.py", line 899, in __connect
    with util.safe_reraise():
  File "/mnt/c/Users/simon/Code/blogger2/backend/venv/lib/python3.10/site-packages/sqlalchemy/util/langhelpers.py", line 224, in __exit__
    raise exc_value.with_traceback(exc_tb)
  File "/mnt/c/Users/simon/Code/blogger2/backend/venv/lib/python3.10/site-packages/sqlalchemy/pool/base.py", line 895, in __connect
    self.dbapi_connection = connection = pool._invoke_creator(self)
  File "/mnt/c/Users/simon/Code/blogger2/backend/venv/lib/python3.10/site-packages/sqlalchemy/engine/create.py", line 661, in connect
    return dialect.connect(*cargs, **cparams)
  File "/mnt/c/Users/simon/Code/blogger2/backend/venv/lib/python3.10/site-packages/sqlalchemy/engine/default.py", line 630, in connect
    return self.loaded_dbapi.connect(*cargs, **cparams)  # type: ignore[no-any-return]  # NOQA: E501
  File "/mnt/c/Users/simon/Code/blogger2/backend/venv/lib/python3.10/site-packages/psycopg2/__init__.py", line 122, in connect
    conn = _connect(dsn, connection_factory=connection_factory, **kwasync)
psycopg2.OperationalError: connection to server at "localhost" (127.0.0.1), port 5432 failed: Connection refused
        Is the server running on that host and accepting TCP/IP connections?


The above exception was the direct cause of the following exception:

Traceback (most recent call last):
  File "/mnt/c/Users/simon/Code/blogger2/backend/venv/bin/flask", line 7, in <module>
    sys.exit(main())
  File "/mnt/c/Users/simon/Code/blogger2/backend/venv/lib/python3.10/site-packages/flask/cli.py", line 1064, in main
    cli.main()
  File "/mnt/c/Users/simon/Code/blogger2/backend/venv/lib/python3.10/site-packages/click/core.py", line 1406, in main
    rv = self.invoke(ctx)
  File "/mnt/c/Users/simon/Code/blogger2/backend/venv/lib/python3.10/site-packages/click/core.py", line 1873, in invoke
    return _process_result(sub_ctx.command.invoke(sub_ctx))
  File "/mnt/c/Users/simon/Code/blogger2/backend/venv/lib/python3.10/site-packages/click/core.py", line 1873, in invoke
    return _process_result(sub_ctx.command.invoke(sub_ctx))
  File "/mnt/c/Users/simon/Code/blogger2/backend/venv/lib/python3.10/site-packages/click/core.py", line 1269, in invoke
    return ctx.invoke(self.callback, **ctx.params)
  File "/mnt/c/Users/simon/Code/blogger2/backend/venv/lib/python3.10/site-packages/click/core.py", line 824, in invoke
    return callback(*args, **kwargs)
  File "/mnt/c/Users/simon/Code/blogger2/backend/venv/lib/python3.10/site-packages/click/decorators.py", line 34, in new_func
    return f(get_current_context(), *args, **kwargs)
  File "/mnt/c/Users/simon/Code/blogger2/backend/venv/lib/python3.10/site-packages/flask/cli.py", line 358, in decorator
    return __ctx.invoke(f, *args, **kwargs)
  File "/mnt/c/Users/simon/Code/blogger2/backend/venv/lib/python3.10/site-packages/click/core.py", line 824, in invoke
    return callback(*args, **kwargs)
  File "/mnt/c/Users/simon/Code/blogger2/backend/venv/lib/python3.10/site-packages/flask_migrate/cli.py", line 105, in migrate
    _migrate(directory, message, sql, head, splice, branch_label, version_path,
  File "/mnt/c/Users/simon/Code/blogger2/backend/venv/lib/python3.10/site-packages/flask_migrate/__init__.py", line 111, in wrapped
    f(*args, **kwargs)
  File "/mnt/c/Users/simon/Code/blogger2/backend/venv/lib/python3.10/site-packages/flask_migrate/__init__.py", line 170, in migrate
    command.revision(config, message, autogenerate=True, sql=sql,
  File "/mnt/c/Users/simon/Code/blogger2/backend/venv/lib/python3.10/site-packages/alembic/command.py", line 309, in revision
    script_directory.run_env()
  File "/mnt/c/Users/simon/Code/blogger2/backend/venv/lib/python3.10/site-packages/alembic/script/base.py", line 545, in run_env
    util.load_python_file(self.dir, "env.py")
  File "/mnt/c/Users/simon/Code/blogger2/backend/venv/lib/python3.10/site-packages/alembic/util/pyfiles.py", line 116, in load_python_file
    module = load_module_py(module_id, path)
  File "/mnt/c/Users/simon/Code/blogger2/backend/venv/lib/python3.10/site-packages/alembic/util/pyfiles.py", line 136, in load_module_py
    spec.loader.exec_module(module)  # type: ignore
  File "<frozen importlib._bootstrap_external>", line 883, in exec_module
  File "<frozen importlib._bootstrap>", line 241, in _call_with_frames_removed
  File "/mnt/c/Users/simon/Code/blogger2/backend/migrations/env.py", line 113, in <module>
    run_migrations_online()
  File "/mnt/c/Users/simon/Code/blogger2/backend/migrations/env.py", line 99, in run_migrations_online
    with connectable.connect() as connection:
  File "/mnt/c/Users/simon/Code/blogger2/backend/venv/lib/python3.10/site-packages/sqlalchemy/engine/base.py", line 3285, in connect
    return self._connection_cls(self)
  File "/mnt/c/Users/simon/Code/blogger2/backend/venv/lib/python3.10/site-packages/sqlalchemy/engine/base.py", line 145, in __init__
    Connection._handle_dbapi_exception_noconnection(
  File "/mnt/c/Users/simon/Code/blogger2/backend/venv/lib/python3.10/site-packages/sqlalchemy/engine/base.py", line 2448, in _handle_dbapi_exception_noconnection
    raise sqlalchemy_exception.with_traceback(exc_info[2]) from e
  File "/mnt/c/Users/simon/Code/blogger2/backend/venv/lib/python3.10/site-packages/sqlalchemy/engine/base.py", line 143, in __init__
    self._dbapi_connection = engine.raw_connection()
  File "/mnt/c/Users/simon/Code/blogger2/backend/venv/lib/python3.10/site-packages/sqlalchemy/engine/base.py", line 3309, in raw_connection
    return self.pool.connect()
  File "/mnt/c/Users/simon/Code/blogger2/backend/venv/lib/python3.10/site-packages/sqlalchemy/pool/base.py", line 447, in connect
    return _ConnectionFairy._checkout(self)
  File "/mnt/c/Users/simon/Code/blogger2/backend/venv/lib/python3.10/site-packages/sqlalchemy/pool/base.py", line 1264, in _checkout
    fairy = _ConnectionRecord.checkout(pool)
  File "/mnt/c/Users/simon/Code/blogger2/backend/venv/lib/python3.10/site-packages/sqlalchemy/pool/base.py", line 711, in checkout
    rec = pool._do_get()
  File "/mnt/c/Users/simon/Code/blogger2/backend/venv/lib/python3.10/site-packages/sqlalchemy/pool/impl.py", line 177, in _do_get
    with util.safe_reraise():
  File "/mnt/c/Users/simon/Code/blogger2/backend/venv/lib/python3.10/site-packages/sqlalchemy/util/langhelpers.py", line 224, in __exit__
    raise exc_value.with_traceback(exc_tb)
  File "/mnt/c/Users/simon/Code/blogger2/backend/venv/lib/python3.10/site-packages/sqlalchemy/pool/impl.py", line 175, in _do_get
    return self._create_connection()
  File "/mnt/c/Users/simon/Code/blogger2/backend/venv/lib/python3.10/site-packages/sqlalchemy/pool/base.py", line 388, in _create_connection
    return _ConnectionRecord(self)
  File "/mnt/c/Users/simon/Code/blogger2/backend/venv/lib/python3.10/site-packages/sqlalchemy/pool/base.py", line 673, in __init__
    self.__connect()
  File "/mnt/c/Users/simon/Code/blogger2/backend/venv/lib/python3.10/site-packages/sqlalchemy/pool/base.py", line 899, in __connect
    with util.safe_reraise():
  File "/mnt/c/Users/simon/Code/blogger2/backend/venv/lib/python3.10/site-packages/sqlalchemy/util/langhelpers.py", line 224, in __exit__
    raise exc_value.with_traceback(exc_tb)
  File "/mnt/c/Users/simon/Code/blogger2/backend/venv/lib/python3.10/site-packages/sqlalchemy/pool/base.py", line 895, in __connect
    self.dbapi_connection = connection = pool._invoke_creator(self)
  File "/mnt/c/Users/simon/Code/blogger2/backend/venv/lib/python3.10/site-packages/sqlalchemy/engine/create.py", line 661, in connect
    return dialect.connect(*cargs, **cparams)
  File "/mnt/c/Users/simon/Code/blogger2/backend/venv/lib/python3.10/site-packages/sqlalchemy/engine/default.py", line 630, in connect
    return self.loaded_dbapi.connect(*cargs, **cparams)  # type: ignore[no-any-return]  # NOQA: E501
  File "/mnt/c/Users/simon/Code/blogger2/backend/venv/lib/python3.10/site-packages/psycopg2/__init__.py", line 122, in connect
    conn = _connect(dsn, connection_factory=connection_factory, **kwasync)
sqlalchemy.exc.OperationalError: (psycopg2.OperationalError) connection to server at "localhost" (127.0.0.1), port 5432 failed: Connection refused
        Is the server running on that host and accepting TCP/IP connections?

(Background on this error at: https://sqlalche.me/e/20/e3q8)
/mnt/c/Users/simon/Code/blogger2/backend/venv/lib/python3.10/site-packages/flask_limiter/extension.py:336: UserWarning: Using the in-memory storage for tracking rate limits as no storage was explicitly specified. This is not recommended for production use. See: https://flask-limiter.readthedocs.io#configuring-a-storage-backend for documentation about configuring the storage backend.
  warnings.warn(
Traceback (most recent call last):
  File "/mnt/c/Users/simon/Code/blogger2/backend/venv/lib/python3.10/site-packages/sqlalchemy/engine/base.py", line 143, in __init__
    self._dbapi_connection = engine.raw_connection()
  File "/mnt/c/Users/simon/Code/blogger2/backend/venv/lib/python3.10/site-packages/sqlalchemy/engine/base.py", line 3309, in raw_connection
    return self.pool.connect()
  File "/mnt/c/Users/simon/Code/blogger2/backend/venv/lib/python3.10/site-packages/sqlalchemy/pool/base.py", line 447, in connect
    return _ConnectionFairy._checkout(self)
  File "/mnt/c/Users/simon/Code/blogger2/backend/venv/lib/python3.10/site-packages/sqlalchemy/pool/base.py", line 1264, in _checkout
    fairy = _ConnectionRecord.checkout(pool)
  File "/mnt/c/Users/simon/Code/blogger2/backend/venv/lib/python3.10/site-packages/sqlalchemy/pool/base.py", line 711, in checkout
    rec = pool._do_get()
  File "/mnt/c/Users/simon/Code/blogger2/backend/venv/lib/python3.10/site-packages/sqlalchemy/pool/impl.py", line 177, in _do_get
    with util.safe_reraise():
  File "/mnt/c/Users/simon/Code/blogger2/backend/venv/lib/python3.10/site-packages/sqlalchemy/util/langhelpers.py", line 224, in __exit__
    raise exc_value.with_traceback(exc_tb)
  File "/mnt/c/Users/simon/Code/blogger2/backend/venv/lib/python3.10/site-packages/sqlalchemy/pool/impl.py", line 175, in _do_get
    return self._create_connection()
  File "/mnt/c/Users/simon/Code/blogger2/backend/venv/lib/python3.10/site-packages/sqlalchemy/pool/base.py", line 388, in _create_connection
    return _ConnectionRecord(self)
  File "/mnt/c/Users/simon/Code/blogger2/backend/venv/lib/python3.10/site-packages/sqlalchemy/pool/base.py", line 673, in __init__
    self.__connect()
  File "/mnt/c/Users/simon/Code/blogger2/backend/venv/lib/python3.10/site-packages/sqlalchemy/pool/base.py", line 899, in __connect
    with util.safe_reraise():
  File "/mnt/c/Users/simon/Code/blogger2/backend/venv/lib/python3.10/site-packages/sqlalchemy/util/langhelpers.py", line 224, in __exit__
    raise exc_value.with_traceback(exc_tb)
  File "/mnt/c/Users/simon/Code/blogger2/backend/venv/lib/python3.10/site-packages/sqlalchemy/pool/base.py", line 895, in __connect
    self.dbapi_connection = connection = pool._invoke_creator(self)
  File "/mnt/c/Users/simon/Code/blogger2/backend/venv/lib/python3.10/site-packages/sqlalchemy/engine/create.py", line 661, in connect
    return dialect.connect(*cargs, **cparams)
  File "/mnt/c/Users/simon/Code/blogger2/backend/venv/lib/python3.10/site-packages/sqlalchemy/engine/default.py", line 630, in connect
    return self.loaded_dbapi.connect(*cargs, **cparams)  # type: ignore[no-any-return]  # NOQA: E501
  File "/mnt/c/Users/simon/Code/blogger2/backend/venv/lib/python3.10/site-packages/psycopg2/__init__.py", line 122, in connect
    conn = _connect(dsn, connection_factory=connection_factory, **kwasync)
psycopg2.OperationalError: connection to server at "localhost" (127.0.0.1), port 5432 failed: Connection refused
        Is the server running on that host and accepting TCP/IP connections?


The above exception was the direct cause of the following exception:

Traceback (most recent call last):
  File "/mnt/c/Users/simon/Code/blogger2/backend/venv/bin/flask", line 7, in <module>
    sys.exit(main())
  File "/mnt/c/Users/simon/Code/blogger2/backend/venv/lib/python3.10/site-packages/flask/cli.py", line 1064, in main
    cli.main()
  File "/mnt/c/Users/simon/Code/blogger2/backend/venv/lib/python3.10/site-packages/click/core.py", line 1406, in main
    rv = self.invoke(ctx)
  File "/mnt/c/Users/simon/Code/blogger2/backend/venv/lib/python3.10/site-packages/click/core.py", line 1873, in invoke
    return _process_result(sub_ctx.command.invoke(sub_ctx))
  File "/mnt/c/Users/simon/Code/blogger2/backend/venv/lib/python3.10/site-packages/click/core.py", line 1873, in invoke
    return _process_result(sub_ctx.command.invoke(sub_ctx))
  File "/mnt/c/Users/simon/Code/blogger2/backend/venv/lib/python3.10/site-packages/click/core.py", line 1269, in invoke
    return ctx.invoke(self.callback, **ctx.params)
  File "/mnt/c/Users/simon/Code/blogger2/backend/venv/lib/python3.10/site-packages/click/core.py", line 824, in invoke
    return callback(*args, **kwargs)
  File "/mnt/c/Users/simon/Code/blogger2/backend/venv/lib/python3.10/site-packages/click/decorators.py", line 34, in new_func
    return f(get_current_context(), *args, **kwargs)
  File "/mnt/c/Users/simon/Code/blogger2/backend/venv/lib/python3.10/site-packages/flask/cli.py", line 358, in decorator
    return __ctx.invoke(f, *args, **kwargs)
  File "/mnt/c/Users/simon/Code/blogger2/backend/venv/lib/python3.10/site-packages/click/core.py", line 824, in invoke
    return callback(*args, **kwargs)
  File "/mnt/c/Users/simon/Code/blogger2/backend/venv/lib/python3.10/site-packages/flask_migrate/cli.py", line 150, in upgrade
    _upgrade(directory, revision, sql, tag, x_arg)
  File "/mnt/c/Users/simon/Code/blogger2/backend/venv/lib/python3.10/site-packages/flask_migrate/__init__.py", line 111, in wrapped
    f(*args, **kwargs)
  File "/mnt/c/Users/simon/Code/blogger2/backend/venv/lib/python3.10/site-packages/flask_migrate/__init__.py", line 200, in upgrade
    command.upgrade(config, revision, sql=sql, tag=tag)
  File "/mnt/c/Users/simon/Code/blogger2/backend/venv/lib/python3.10/site-packages/alembic/command.py", line 483, in upgrade
    script.run_env()
  File "/mnt/c/Users/simon/Code/blogger2/backend/venv/lib/python3.10/site-packages/alembic/script/base.py", line 545, in run_env
    util.load_python_file(self.dir, "env.py")
  File "/mnt/c/Users/simon/Code/blogger2/backend/venv/lib/python3.10/site-packages/alembic/util/pyfiles.py", line 116, in load_python_file
    module = load_module_py(module_id, path)
  File "/mnt/c/Users/simon/Code/blogger2/backend/venv/lib/python3.10/site-packages/alembic/util/pyfiles.py", line 136, in load_module_py
    spec.loader.exec_module(module)  # type: ignore
  File "<frozen importlib._bootstrap_external>", line 883, in exec_module
  File "<frozen importlib._bootstrap>", line 241, in _call_with_frames_removed
  File "/mnt/c/Users/simon/Code/blogger2/backend/migrations/env.py", line 113, in <module>
    run_migrations_online()
  File "/mnt/c/Users/simon/Code/blogger2/backend/migrations/env.py", line 99, in run_migrations_online
    with connectable.connect() as connection:
  File "/mnt/c/Users/simon/Code/blogger2/backend/venv/lib/python3.10/site-packages/sqlalchemy/engine/base.py", line 3285, in connect
    return self._connection_cls(self)
  File "/mnt/c/Users/simon/Code/blogger2/backend/venv/lib/python3.10/site-packages/sqlalchemy/engine/base.py", line 145, in __init__
    Connection._handle_dbapi_exception_noconnection(
  File "/mnt/c/Users/simon/Code/blogger2/backend/venv/lib/python3.10/site-packages/sqlalchemy/engine/base.py", line 2448, in _handle_dbapi_exception_noconnection
    raise sqlalchemy_exception.with_traceback(exc_info[2]) from e
  File "/mnt/c/Users/simon/Code/blogger2/backend/venv/lib/python3.10/site-packages/sqlalchemy/engine/base.py", line 143, in __init__
    self._dbapi_connection = engine.raw_connection()
  File "/mnt/c/Users/simon/Code/blogger2/backend/venv/lib/python3.10/site-packages/sqlalchemy/engine/base.py", line 3309, in raw_connection
    return self.pool.connect()
  File "/mnt/c/Users/simon/Code/blogger2/backend/venv/lib/python3.10/site-packages/sqlalchemy/pool/base.py", line 447, in connect
    return _ConnectionFairy._checkout(self)
  File "/mnt/c/Users/simon/Code/blogger2/backend/venv/lib/python3.10/site-packages/sqlalchemy/pool/base.py", line 1264, in _checkout
    fairy = _ConnectionRecord.checkout(pool)
  File "/mnt/c/Users/simon/Code/blogger2/backend/venv/lib/python3.10/site-packages/sqlalchemy/pool/base.py", line 711, in checkout
    rec = pool._do_get()
  File "/mnt/c/Users/simon/Code/blogger2/backend/venv/lib/python3.10/site-packages/sqlalchemy/pool/impl.py", line 177, in _do_get
    with util.safe_reraise():
  File "/mnt/c/Users/simon/Code/blogger2/backend/venv/lib/python3.10/site-packages/sqlalchemy/util/langhelpers.py", line 224, in __exit__
    raise exc_value.with_traceback(exc_tb)
  File "/mnt/c/Users/simon/Code/blogger2/backend/venv/lib/python3.10/site-packages/sqlalchemy/pool/impl.py", line 175, in _do_get
    return self._create_connection()
  File "/mnt/c/Users/simon/Code/blogger2/backend/venv/lib/python3.10/site-packages/sqlalchemy/pool/base.py", line 388, in _create_connection
    return _ConnectionRecord(self)
  File "/mnt/c/Users/simon/Code/blogger2/backend/venv/lib/python3.10/site-packages/sqlalchemy/pool/base.py", line 673, in __init__
    self.__connect()
  File "/mnt/c/Users/simon/Code/blogger2/backend/venv/lib/python3.10/site-packages/sqlalchemy/pool/base.py", line 899, in __connect
    with util.safe_reraise():
  File "/mnt/c/Users/simon/Code/blogger2/backend/venv/lib/python3.10/site-packages/sqlalchemy/util/langhelpers.py", line 224, in __exit__
    raise exc_value.with_traceback(exc_tb)
  File "/mnt/c/Users/simon/Code/blogger2/backend/venv/lib/python3.10/site-packages/sqlalchemy/pool/base.py", line 895, in __connect
    self.dbapi_connection = connection = pool._invoke_creator(self)
  File "/mnt/c/Users/simon/Code/blogger2/backend/venv/lib/python3.10/site-packages/sqlalchemy/engine/create.py", line 661, in connect
    return dialect.connect(*cargs, **cparams)
  File "/mnt/c/Users/simon/Code/blogger2/backend/venv/lib/python3.10/site-packages/sqlalchemy/engine/default.py", line 630, in connect
    return self.loaded_dbapi.connect(*cargs, **cparams)  # type: ignore[no-any-return]  # NOQA: E501
  File "/mnt/c/Users/simon/Code/blogger2/backend/venv/lib/python3.10/site-packages/psycopg2/__init__.py", line 122, in connect
    conn = _connect(dsn, connection_factory=connection_factory, **kwasync)
sqlalchemy.exc.OperationalError: (psycopg2.OperationalError) connection to server at "localhost" (127.0.0.1), port 5432 failed: Connection refused
        Is the server running on that host and accepting TCP/IP connections?

(Background on this error at: https://sqlalche.me/e/20/e3q8)